<?xml version="1.0" encoding="UTF-8"?>
<!-- Generated by org.testng.reporters.JUnitReportReporter -->
<testsuite skipped="0" hostname="LAPTOP-T3UANJN2" name="uk.co.library.testsuite.JobSearchTest" tests="6" failures="1" timestamp="2022-12-14T17:53:33 GMT" time="69.955" errors="0">
  <testcase name="verifyJobSearchResultUsingDifferentDataSet" time="10.524" classname="uk.co.library.testsuite.JobSearchTest">
    <failure type="java.lang.AssertionError" message="The following asserts failed:
	Invalid data is displayed expected [Permanent Chemist jobs in Luton] but found [Permanent Chemist jobs in Leeds]">
      <![CDATA[java.lang.AssertionError: The following asserts failed:
Invalid data is displayed expected [Permanent Chemist jobs in Luton] but found [Permanent Chemist jobs in Leeds]
at org.testng.asserts.SoftAssert.assertAll(SoftAssert.java:46)
at org.testng.asserts.SoftAssert.assertAll(SoftAssert.java:30)
at uk.co.library.testsuite.JobSearchTest.verifyJobSearchResultUsingDifferentDataSet(JobSearchTest.java:42)
at sun.reflect.NativeMethodAccessorImpl.invoke0(Native Method)
at sun.reflect.NativeMethodAccessorImpl.invoke(NativeMethodAccessorImpl.java:62)
at sun.reflect.DelegatingMethodAccessorImpl.invoke(DelegatingMethodAccessorImpl.java:43)
at java.lang.reflect.Method.invoke(Method.java:498)
at org.testng.internal.invokers.MethodInvocationHelper.invokeMethod(MethodInvocationHelper.java:135)
at org.testng.internal.invokers.TestInvoker.invokeMethod(TestInvoker.java:673)
at org.testng.internal.invokers.TestInvoker.invokeTestMethod(TestInvoker.java:220)
at org.testng.internal.invokers.MethodRunner.runInSequence(MethodRunner.java:50)
at org.testng.internal.invokers.TestInvoker$MethodInvocationAgent.invoke(TestInvoker.java:945)
at org.testng.internal.invokers.TestInvoker.invokeTestMethods(TestInvoker.java:193)
at org.testng.internal.invokers.TestMethodWorker.invokeTestMethods(TestMethodWorker.java:146)
at org.testng.internal.invokers.TestMethodWorker.run(TestMethodWorker.java:128)
at java.util.ArrayList.forEach(ArrayList.java:1249)
at org.testng.TestRunner.privateRun(TestRunner.java:808)
at org.testng.TestRunner.run(TestRunner.java:603)
at org.testng.SuiteRunner.runTest(SuiteRunner.java:429)
at org.testng.SuiteRunner.runSequentially(SuiteRunner.java:423)
at org.testng.SuiteRunner.privateRun(SuiteRunner.java:383)
at org.testng.SuiteRunner.run(SuiteRunner.java:326)
at org.testng.SuiteRunnerWorker.runSuite(SuiteRunnerWorker.java:52)
at org.testng.SuiteRunnerWorker.run(SuiteRunnerWorker.java:95)
at org.testng.TestNG.runSuitesSequentially(TestNG.java:1249)
at org.testng.TestNG.runSuitesLocally(TestNG.java:1169)
at org.testng.TestNG.runSuites(TestNG.java:1092)
at org.testng.TestNG.run(TestNG.java:1060)
at com.intellij.rt.testng.IDEARemoteTestNG.run(IDEARemoteTestNG.java:66)
at com.intellij.rt.testng.RemoteTestNGStarter.main(RemoteTestNGStarter.java:109)
]]>
    </failure>
  </testcase> <!-- verifyJobSearchResultUsingDifferentDataSet -->
  <system-out>
    <![CDATA[Enter job titleChemisttext to job title field: Chemist
Enter locationLutontext to job title field: [[ChromeDriver: chrome on WINDOWS (4118a7df1c6bc06ba4ffaf51533a7614)] -> id: location]
Select distance up to 7 miles from distance dropdown[[ChromeDriver: chrome on WINDOWS (4118a7df1c6bc06ba4ffaf51533a7614)] -> id: distance]
Click on more search option link: [[ChromeDriver: chrome on WINDOWS (4118a7df1c6bc06ba4ffaf51533a7614)] -> id: toggle-hp-search]
Enter minimum salary 20000to minimum salary field[[ChromeDriver: chrome on WINDOWS (4118a7df1c6bc06ba4ffaf51533a7614)] -> id: salarymin]
Enter maximum salary 35000to maximum salary field[[ChromeDriver: chrome on WINDOWS (4118a7df1c6bc06ba4ffaf51533a7614)] -> id: salarymax]
Select salary type Per annum from salary type dropdown[[ChromeDriver: chrome on WINDOWS (4118a7df1c6bc06ba4ffaf51533a7614)] -> id: salarytype]
Select job type Permanent from job type dropdown[[ChromeDriver: chrome on WINDOWS (4118a7df1c6bc06ba4ffaf51533a7614)] -> id: tempperm]
Click on find jobs button[[ChromeDriver: chrome on WINDOWS (4118a7df1c6bc06ba4ffaf51533a7614)] -> id: hp-search-btn]
Get text from result[[ChromeDriver: chrome on WINDOWS (4118a7df1c6bc06ba4ffaf51533a7614)] -> tag name: h1]
Click to see screenshot
<a target = "_blank" href=C:\Users\topig\IdeaProjects\cv-library-uk/test-output/html/verifyJobSearchResultUsingDifferentDataSetWed_Dec_14_17_52_56_GMT_2022.jpg>Screenshot</a>
<br>
<br>
<a target = "_blank" href=C:\Users\topig\IdeaProjects\cv-library-uk/test-output/html/verifyJobSearchResultUsingDifferentDataSetWed_Dec_14_17_52_56_GMT_2022.jpg><img src=C:\Users\topig\IdeaProjects\cv-library-uk/test-output/html/verifyJobSearchResultUsingDifferentDataSetWed_Dec_14_17_52_56_GMT_2022.jpg height=200 width=200></img></a>]]>
  </system-out>
  <testcase name="verifyJobSearchResultUsingDifferentDataSet" time="13.109" classname="uk.co.library.testsuite.JobSearchTest"/>
  <system-out>
    <![CDATA[Enter job titleTeaching Assistanttext to job title field: Teaching Assistant
Enter locationWembleytext to job title field: [[ChromeDriver: chrome on WINDOWS (27de8b326f4b817e668f4597f6e7cc40)] -> id: location]
Select distance up to 5 miles from distance dropdown[[ChromeDriver: chrome on WINDOWS (27de8b326f4b817e668f4597f6e7cc40)] -> id: distance]
Click on more search option link: [[ChromeDriver: chrome on WINDOWS (27de8b326f4b817e668f4597f6e7cc40)] -> id: toggle-hp-search]
Enter minimum salary 24000to minimum salary field[[ChromeDriver: chrome on WINDOWS (27de8b326f4b817e668f4597f6e7cc40)] -> id: salarymin]
Enter maximum salary 50000to maximum salary field[[ChromeDriver: chrome on WINDOWS (27de8b326f4b817e668f4597f6e7cc40)] -> id: salarymax]
Select salary type Per annum from salary type dropdown[[ChromeDriver: chrome on WINDOWS (27de8b326f4b817e668f4597f6e7cc40)] -> id: salarytype]
Select job type Permanent from job type dropdown[[ChromeDriver: chrome on WINDOWS (27de8b326f4b817e668f4597f6e7cc40)] -> id: tempperm]
Click on find jobs button[[ChromeDriver: chrome on WINDOWS (27de8b326f4b817e668f4597f6e7cc40)] -> id: hp-search-btn]
Get text from result[[ChromeDriver: chrome on WINDOWS (27de8b326f4b817e668f4597f6e7cc40)] -> tag name: h1]]]>
  </system-out>
  <testcase name="verifyJobSearchResultUsingDifferentDataSet" time="11.609" classname="uk.co.library.testsuite.JobSearchTest"/>
  <system-out>
    <![CDATA[Enter job titleAccountanttext to job title field: Accountant
Enter locationEaling Broadwaytext to job title field: [[ChromeDriver: chrome on WINDOWS (b0530b529e4a1f7af062cefa6561eed1)] -> id: location]
Select distance up to 1 mile from distance dropdown[[ChromeDriver: chrome on WINDOWS (b0530b529e4a1f7af062cefa6561eed1)] -> id: distance]
Click on more search option link: [[ChromeDriver: chrome on WINDOWS (b0530b529e4a1f7af062cefa6561eed1)] -> id: toggle-hp-search]
Enter minimum salary 1500to minimum salary field[[ChromeDriver: chrome on WINDOWS (b0530b529e4a1f7af062cefa6561eed1)] -> id: salarymin]
Enter maximum salary 2500to maximum salary field[[ChromeDriver: chrome on WINDOWS (b0530b529e4a1f7af062cefa6561eed1)] -> id: salarymax]
Select salary type Per month from salary type dropdown[[ChromeDriver: chrome on WINDOWS (b0530b529e4a1f7af062cefa6561eed1)] -> id: salarytype]
Select job type Part Time from job type dropdown[[ChromeDriver: chrome on WINDOWS (b0530b529e4a1f7af062cefa6561eed1)] -> id: tempperm]
Click on find jobs button[[ChromeDriver: chrome on WINDOWS (b0530b529e4a1f7af062cefa6561eed1)] -> id: hp-search-btn]
Get text from result[[ChromeDriver: chrome on WINDOWS (b0530b529e4a1f7af062cefa6561eed1)] -> tag name: h1]]]>
  </system-out>
  <testcase name="verifyJobSearchResultUsingDifferentDataSet" time="12.546" classname="uk.co.library.testsuite.JobSearchTest"/>
  <system-out>
    <![CDATA[Enter job titleReceptionisttext to job title field: Receptionist
Enter locationLondontext to job title field: [[ChromeDriver: chrome on WINDOWS (0bed0c2febd64e207e3d9cfaa3c803ed)] -> id: location]
Select distance up to 2 miles from distance dropdown[[ChromeDriver: chrome on WINDOWS (0bed0c2febd64e207e3d9cfaa3c803ed)] -> id: distance]
Click on more search option link: [[ChromeDriver: chrome on WINDOWS (0bed0c2febd64e207e3d9cfaa3c803ed)] -> id: toggle-hp-search]
Enter minimum salary 2000to minimum salary field[[ChromeDriver: chrome on WINDOWS (0bed0c2febd64e207e3d9cfaa3c803ed)] -> id: salarymin]
Enter maximum salary 5000to maximum salary field[[ChromeDriver: chrome on WINDOWS (0bed0c2febd64e207e3d9cfaa3c803ed)] -> id: salarymax]
Select salary type Per annum from salary type dropdown[[ChromeDriver: chrome on WINDOWS (0bed0c2febd64e207e3d9cfaa3c803ed)] -> id: salarytype]
Select job type Part Time from job type dropdown[[ChromeDriver: chrome on WINDOWS (0bed0c2febd64e207e3d9cfaa3c803ed)] -> id: tempperm]
Click on find jobs button[[ChromeDriver: chrome on WINDOWS (0bed0c2febd64e207e3d9cfaa3c803ed)] -> id: hp-search-btn]
Get text from result[[ChromeDriver: chrome on WINDOWS (0bed0c2febd64e207e3d9cfaa3c803ed)] -> tag name: h1]]]>
  </system-out>
  <testcase name="verifyJobSearchResultUsingDifferentDataSet" time="11.130" classname="uk.co.library.testsuite.JobSearchTest"/>
  <system-out>
    <![CDATA[Enter job titleTestertext to job title field: Tester
Enter locationHarrowtext to job title field: [[ChromeDriver: chrome on WINDOWS (8d2d7d1f4afe9d581a8dff864b8ec744)] -> id: location]
Select distance up to 5 miles from distance dropdown[[ChromeDriver: chrome on WINDOWS (8d2d7d1f4afe9d581a8dff864b8ec744)] -> id: distance]
Click on more search option link: [[ChromeDriver: chrome on WINDOWS (8d2d7d1f4afe9d581a8dff864b8ec744)] -> id: toggle-hp-search]
Enter minimum salary 30000to minimum salary field[[ChromeDriver: chrome on WINDOWS (8d2d7d1f4afe9d581a8dff864b8ec744)] -> id: salarymin]
Enter maximum salary 500000to maximum salary field[[ChromeDriver: chrome on WINDOWS (8d2d7d1f4afe9d581a8dff864b8ec744)] -> id: salarymax]
Select salary type Per annum from salary type dropdown[[ChromeDriver: chrome on WINDOWS (8d2d7d1f4afe9d581a8dff864b8ec744)] -> id: salarytype]
Select job type Permanent from job type dropdown[[ChromeDriver: chrome on WINDOWS (8d2d7d1f4afe9d581a8dff864b8ec744)] -> id: tempperm]
Click on find jobs button[[ChromeDriver: chrome on WINDOWS (8d2d7d1f4afe9d581a8dff864b8ec744)] -> id: hp-search-btn]
Get text from result[[ChromeDriver: chrome on WINDOWS (8d2d7d1f4afe9d581a8dff864b8ec744)] -> tag name: h1]]]>
  </system-out>
  <testcase name="verifyJobSearchResultUsingDifferentDataSet" time="11.037" classname="uk.co.library.testsuite.JobSearchTest"/>
  <system-out>
    <![CDATA[Enter job titleDevelopertext to job title field: Developer
Enter locationMilton Keynestext to job title field: [[ChromeDriver: chrome on WINDOWS (35ea53319f42de1b7dfc8e1c25eb1c47)] -> id: location]
Select distance up to 10 miles from distance dropdown[[ChromeDriver: chrome on WINDOWS (35ea53319f42de1b7dfc8e1c25eb1c47)] -> id: distance]
Click on more search option link: [[ChromeDriver: chrome on WINDOWS (35ea53319f42de1b7dfc8e1c25eb1c47)] -> id: toggle-hp-search]
Enter minimum salary 35000to minimum salary field[[ChromeDriver: chrome on WINDOWS (35ea53319f42de1b7dfc8e1c25eb1c47)] -> id: salarymin]
Enter maximum salary 70000to maximum salary field[[ChromeDriver: chrome on WINDOWS (35ea53319f42de1b7dfc8e1c25eb1c47)] -> id: salarymax]
Select salary type Per annum from salary type dropdown[[ChromeDriver: chrome on WINDOWS (35ea53319f42de1b7dfc8e1c25eb1c47)] -> id: salarytype]
Select job type Contract from job type dropdown[[ChromeDriver: chrome on WINDOWS (35ea53319f42de1b7dfc8e1c25eb1c47)] -> id: tempperm]
Click on find jobs button[[ChromeDriver: chrome on WINDOWS (35ea53319f42de1b7dfc8e1c25eb1c47)] -> id: hp-search-btn]
Get text from result[[ChromeDriver: chrome on WINDOWS (35ea53319f42de1b7dfc8e1c25eb1c47)] -> tag name: h1]]]>
  </system-out>
</testsuite> <!-- uk.co.library.testsuite.JobSearchTest -->
